0 verbose cli C:\Program Files\nodejs\node.exe C:\Program Files\nodejs\node_modules\npm\bin\npm-cli.js
1 info using npm@8.15.0
2 info using node@v16.17.1
3 timing npm:load:whichnode Completed in 0ms
4 timing config:load:defaults Completed in 3ms
5 timing config:load:file:C:\Program Files\nodejs\node_modules\npm\npmrc Completed in 17ms
6 timing config:load:builtin Completed in 18ms
7 timing config:load:cli Completed in 7ms
8 timing config:load:env Completed in 2ms
9 timing config:load:project Completed in 7ms
10 timing config:load:file:C:\Users\csmku\.npmrc Completed in 2ms
11 timing config:load:user Completed in 2ms
12 timing config:load:file:C:\Users\csmku\AppData\Roaming\npm\etc\npmrc Completed in 0ms
13 timing config:load:global Completed in 1ms
14 timing config:load:validate Completed in 0ms
15 timing config:load:credentials Completed in 3ms
16 timing config:load:setEnvs Completed in 6ms
17 timing config:load Completed in 61ms
18 timing npm:load:configload Completed in 61ms
19 timing npm:load:mkdirpcache Completed in 2ms
20 timing npm:load:mkdirplogs Completed in 2ms
21 verbose title npm install node-gyp
22 verbose argv "install" "--global" "node-gyp"
23 timing npm:load:setTitle Completed in 8ms
24 timing config:load:flatten Completed in 21ms
25 timing npm:load:display Completed in 28ms
26 verbose logfile logs-max:10 dir:C:\Users\csmku\AppData\Local\npm-cache\_logs
27 verbose logfile C:\Users\csmku\AppData\Local\npm-cache\_logs\2023-08-27T07_53_43_645Z-debug-0.log
28 timing npm:load:logFile Completed in 19ms
29 timing npm:load:timers Completed in 0ms
30 timing npm:load:configScope Completed in 0ms
31 timing npm:load Completed in 124ms
32 timing arborist:ctor Completed in 1ms
33 silly logfile start cleaning logs, removing 2 files
34 silly logfile done cleaning log files
35 timing idealTree:init Completed in 15ms
36 timing idealTree:userRequests Completed in 7ms
37 silly idealTree buildDeps
38 silly fetch manifest node-gyp@*
39 http fetch GET 200 https://registry.npmjs.org/node-gyp 484ms (cache updated)
40 silly placeDep ROOT node-gyp@9.4.0 OK for:  want: *
41 silly fetch manifest env-paths@^2.2.0
42 silly fetch manifest exponential-backoff@^3.1.1
43 silly fetch manifest glob@^7.1.4
44 silly fetch manifest graceful-fs@^4.2.6
45 silly fetch manifest make-fetch-happen@^11.0.3
46 silly fetch manifest nopt@^6.0.0
47 silly fetch manifest npmlog@^6.0.0
48 silly fetch manifest rimraf@^3.0.2
49 silly fetch manifest semver@^7.3.5
50 silly fetch manifest tar@^6.1.2
51 silly fetch manifest which@^2.0.2
52 http fetch GET 200 https://registry.npmjs.org/exponential-backoff 226ms (cache miss)
53 http fetch GET 200 https://registry.npmjs.org/which 249ms (cache updated)
54 http fetch GET 200 https://registry.npmjs.org/graceful-fs 309ms (cache revalidated)
55 http fetch GET 200 https://registry.npmjs.org/env-paths 335ms (cache updated)
56 http fetch GET 200 https://registry.npmjs.org/semver 336ms (cache updated)
57 http fetch GET 200 https://registry.npmjs.org/nopt 421ms (cache updated)
58 http fetch GET 200 https://registry.npmjs.org/make-fetch-happen 437ms (cache updated)
59 http fetch GET 200 https://registry.npmjs.org/npmlog 448ms (cache updated)
60 http fetch GET 200 https://registry.npmjs.org/rimraf 468ms (cache updated)
61 http fetch GET 200 https://registry.npmjs.org/glob 498ms (cache updated)
62 http fetch GET 200 https://registry.npmjs.org/tar 497ms (cache updated)
63 timing idealTree:#root Completed in 1060ms
64 silly placeDep node_modules/node-gyp env-paths@2.2.1 OK for: node-gyp@9.4.0 want: ^2.2.0
65 silly placeDep node_modules/node-gyp exponential-backoff@3.1.1 OK for: node-gyp@9.4.0 want: ^3.1.1
66 silly placeDep node_modules/node-gyp glob@7.2.3 OK for: node-gyp@9.4.0 want: ^7.1.4
67 silly placeDep node_modules/node-gyp graceful-fs@4.2.11 OK for: node-gyp@9.4.0 want: ^4.2.6
68 silly placeDep node_modules/node-gyp make-fetch-happen@11.1.1 OK for: node-gyp@9.4.0 want: ^11.0.3
69 silly placeDep node_modules/node-gyp nopt@6.0.0 OK for: node-gyp@9.4.0 want: ^6.0.0
70 silly placeDep node_modules/node-gyp npmlog@6.0.2 OK for: node-gyp@9.4.0 want: ^6.0.0
71 silly placeDep node_modules/node-gyp rimraf@3.0.2 OK for: node-gyp@9.4.0 want: ^3.0.2
72 silly placeDep node_modules/node-gyp semver@7.5.4 OK for: node-gyp@9.4.0 want: ^7.3.5
73 silly placeDep node_modules/node-gyp tar@6.1.15 OK for: node-gyp@9.4.0 want: ^6.1.2
74 silly placeDep node_modules/node-gyp which@2.0.2 OK for: node-gyp@9.4.0 want: ^2.0.2
75 silly fetch manifest fs.realpath@^1.0.0
76 silly fetch manifest inflight@^1.0.4
77 silly fetch manifest inherits@2
78 silly fetch manifest minimatch@^3.1.1
79 silly fetch manifest once@^1.3.0
80 silly fetch manifest path-is-absolute@^1.0.0
81 silly fetch manifest agentkeepalive@^4.2.1
82 silly fetch manifest cacache@^17.0.0
83 silly fetch manifest http-cache-semantics@^4.1.1
84 silly fetch manifest http-proxy-agent@^5.0.0
85 silly fetch manifest https-proxy-agent@^5.0.0
86 silly fetch manifest is-lambda@^1.0.1
87 silly fetch manifest lru-cache@^7.7.1
88 silly fetch manifest minipass@^5.0.0
89 silly fetch manifest minipass-fetch@^3.0.0
90 silly fetch manifest minipass-flush@^1.0.5
91 silly fetch manifest minipass-pipeline@^1.2.4
92 silly fetch manifest negotiator@^0.6.3
93 silly fetch manifest promise-retry@^2.0.1
94 silly fetch manifest socks-proxy-agent@^7.0.0
95 silly fetch manifest ssri@^10.0.0
96 silly fetch manifest abbrev@^1.0.0
97 silly fetch manifest are-we-there-yet@^3.0.0
98 silly fetch manifest console-control-strings@^1.1.0
99 silly fetch manifest gauge@^4.0.3
100 silly fetch manifest set-blocking@^2.0.0
101 silly fetch manifest lru-cache@^6.0.0
102 silly fetch manifest chownr@^2.0.0
103 silly fetch manifest fs-minipass@^2.0.0
104 silly fetch manifest minizlib@^2.1.1
105 silly fetch manifest mkdirp@^1.0.3
106 silly fetch manifest yallist@^4.0.0
107 silly fetch manifest isexe@^2.0.0
108 http fetch GET 200 https://registry.npmjs.org/once 533ms (cache revalidated)
109 http fetch GET 200 https://registry.npmjs.org/https-proxy-agent 516ms (cache revalidated)
110 http fetch GET 200 https://registry.npmjs.org/minipass-flush 514ms (cache revalidated)
111 http fetch GET 200 https://registry.npmjs.org/lru-cache 520ms (cache revalidated)
112 http fetch GET 200 https://registry.npmjs.org/lru-cache 551ms (cache revalidated)
113 http fetch GET 200 https://registry.npmjs.org/socks-proxy-agent 576ms (cache revalidated)
114 http fetch GET 200 https://registry.npmjs.org/is-lambda 598ms (cache revalidated)
115 http fetch GET 200 https://registry.npmjs.org/console-control-strings 695ms (cache revalidated)
116 http fetch GET 200 https://registry.npmjs.org/set-blocking 704ms (cache revalidated)
117 http fetch GET 200 https://registry.npmjs.org/inflight 763ms (cache updated)
118 http fetch GET 200 https://registry.npmjs.org/inherits 764ms (cache updated)
119 http fetch GET 200 https://registry.npmjs.org/negotiator 733ms (cache revalidated)
120 http fetch GET 200 https://registry.npmjs.org/promise-retry 734ms (cache revalidated)
121 http fetch GET 200 https://registry.npmjs.org/http-proxy-agent 775ms (cache revalidated)
122 http fetch GET 200 https://registry.npmjs.org/chownr 737ms (cache revalidated)
123 http fetch GET 200 https://registry.npmjs.org/minipass-pipeline 766ms (cache revalidated)
124 http fetch GET 200 https://registry.npmjs.org/agentkeepalive 802ms (cache updated)
125 http fetch GET 200 https://registry.npmjs.org/are-we-there-yet 771ms (cache updated)
126 http fetch GET 200 https://registry.npmjs.org/fs-minipass 764ms (cache updated)
127 http fetch GET 200 https://registry.npmjs.org/path-is-absolute 830ms (cache updated)
128 http fetch GET 200 https://registry.npmjs.org/fs.realpath 842ms (cache updated)
129 http fetch GET 200 https://registry.npmjs.org/minipass-fetch 816ms (cache updated)
130 http fetch GET 200 https://registry.npmjs.org/yallist 781ms (cache updated)
131 http fetch GET 200 https://registry.npmjs.org/http-cache-semantics 837ms (cache updated)
132 http fetch GET 200 https://registry.npmjs.org/isexe 785ms (cache updated)
133 http fetch GET 200 https://registry.npmjs.org/gauge 807ms (cache updated)
134 http fetch GET 200 https://registry.npmjs.org/cacache 848ms (cache updated)
135 http fetch GET 200 https://registry.npmjs.org/mkdirp 816ms (cache updated)
136 http fetch GET 200 https://registry.npmjs.org/minizlib 830ms (cache updated)
137 http fetch GET 200 https://registry.npmjs.org/minimatch 905ms (cache updated)
138 http fetch GET 200 https://registry.npmjs.org/ssri 881ms (cache updated)
139 http fetch GET 200 https://registry.npmjs.org/minipass 899ms (cache updated)
140 http fetch GET 200 https://registry.npmjs.org/abbrev 1480ms (cache updated)
141 timing idealTree:node_modules/node-gyp Completed in 1608ms
142 timing idealTree:node_modules/node-gyp/node_modules/env-paths Completed in 0ms
143 timing idealTree:node_modules/node-gyp/node_modules/exponential-backoff Completed in 0ms
144 silly placeDep node_modules/node-gyp fs.realpath@1.0.0 OK for: glob@7.2.3 want: ^1.0.0
145 silly placeDep node_modules/node-gyp inflight@1.0.6 OK for: glob@7.2.3 want: ^1.0.4
146 silly placeDep node_modules/node-gyp inherits@2.0.4 OK for: glob@7.2.3 want: 2
147 silly placeDep node_modules/node-gyp minimatch@3.1.2 OK for: glob@7.2.3 want: ^3.1.1
148 silly placeDep node_modules/node-gyp once@1.4.0 OK for: glob@7.2.3 want: ^1.3.0
149 silly placeDep node_modules/node-gyp path-is-absolute@1.0.1 OK for: glob@7.2.3 want: ^1.0.0
150 silly fetch manifest wrappy@1
151 silly fetch manifest brace-expansion@^1.1.7
152 http fetch GET 200 https://registry.npmjs.org/wrappy 160ms (cache revalidated)
153 http fetch GET 200 https://registry.npmjs.org/brace-expansion 164ms (cache updated)
154 timing idealTree:node_modules/node-gyp/node_modules/glob Completed in 201ms
155 timing idealTree:node_modules/node-gyp/node_modules/fs.realpath Completed in 0ms
156 timing idealTree:node_modules/node-gyp/node_modules/graceful-fs Completed in 1ms
157 silly placeDep node_modules/node-gyp wrappy@1.0.2 OK for: inflight@1.0.6 want: 1
158 timing idealTree:node_modules/node-gyp/node_modules/inflight Completed in 3ms
159 timing idealTree:node_modules/node-gyp/node_modules/inherits Completed in 0ms
160 silly placeDep node_modules/node-gyp agentkeepalive@4.5.0 OK for: make-fetch-happen@11.1.1 want: ^4.2.1
161 silly placeDep node_modules/node-gyp cacache@17.1.4 OK for: make-fetch-happen@11.1.1 want: ^17.0.0
162 silly placeDep node_modules/node-gyp http-cache-semantics@4.1.1 OK for: make-fetch-happen@11.1.1 want: ^4.1.1
163 silly placeDep node_modules/node-gyp http-proxy-agent@5.0.0 OK for: make-fetch-happen@11.1.1 want: ^5.0.0
164 silly placeDep node_modules/node-gyp https-proxy-agent@5.0.1 OK for: make-fetch-happen@11.1.1 want: ^5.0.0
165 silly placeDep node_modules/node-gyp is-lambda@1.0.1 OK for: make-fetch-happen@11.1.1 want: ^1.0.1
166 silly placeDep node_modules/node-gyp lru-cache@7.18.3 OK for: make-fetch-happen@11.1.1 want: ^7.7.1
167 silly placeDep node_modules/node-gyp minipass@5.0.0 OK for: make-fetch-happen@11.1.1 want: ^5.0.0
168 silly placeDep node_modules/node-gyp minipass-fetch@3.0.4 OK for: make-fetch-happen@11.1.1 want: ^3.0.0
169 silly placeDep node_modules/node-gyp minipass-flush@1.0.5 OK for: make-fetch-happen@11.1.1 want: ^1.0.5
170 silly placeDep node_modules/node-gyp minipass-pipeline@1.2.4 OK for: make-fetch-happen@11.1.1 want: ^1.2.4
171 silly placeDep node_modules/node-gyp negotiator@0.6.3 OK for: make-fetch-happen@11.1.1 want: ^0.6.3
172 silly placeDep node_modules/node-gyp promise-retry@2.0.1 OK for: make-fetch-happen@11.1.1 want: ^2.0.1
173 silly placeDep node_modules/node-gyp socks-proxy-agent@7.0.0 OK for: make-fetch-happen@11.1.1 want: ^7.0.0
174 silly placeDep node_modules/node-gyp ssri@10.0.5 OK for: make-fetch-happen@11.1.1 want: ^10.0.0
175 silly fetch manifest humanize-ms@^1.2.1
176 silly fetch manifest @npmcli/fs@^3.1.0
177 silly fetch manifest fs-minipass@^3.0.0
178 silly fetch manifest glob@^10.2.2
179 silly fetch manifest minipass@^7.0.3
180 silly fetch manifest minipass-collect@^1.0.2
181 silly fetch manifest p-map@^4.0.0
182 silly fetch manifest unique-filename@^3.0.0
183 silly fetch manifest @tootallnate/once@2
184 silly fetch manifest agent-base@6
185 silly fetch manifest debug@4
186 silly fetch manifest minipass-sized@^1.0.3
187 silly fetch manifest minizlib@^2.1.2
188 silly fetch manifest encoding@^0.1.13
189 silly fetch manifest minipass@^3.0.0
190 silly fetch manifest err-code@^2.0.2
191 silly fetch manifest retry@^0.12.0
192 silly fetch manifest agent-base@^6.0.2
193 silly fetch manifest debug@^4.3.3
194 silly fetch manifest socks@^2.6.2
195 http fetch GET 200 https://registry.npmjs.org/err-code 308ms (cache revalidated)
196 http fetch GET 200 https://registry.npmjs.org/p-map 438ms (cache updated)
197 http fetch GET 200 https://registry.npmjs.org/debug 435ms (cache revalidated)
198 http fetch GET 200 https://registry.npmjs.org/unique-filename 449ms (cache updated)
199 http fetch GET 200 https://registry.npmjs.org/agent-base 447ms (cache revalidated)
200 http fetch GET 200 https://registry.npmjs.org/agent-base 427ms (cache revalidated)
201 http fetch GET 200 https://registry.npmjs.org/minipass-sized 450ms (cache revalidated)
202 http fetch GET 200 https://registry.npmjs.org/humanize-ms 514ms (cache revalidated)
203 http fetch GET 200 https://registry.npmjs.org/retry 476ms (cache revalidated)
204 http fetch GET 200 https://registry.npmjs.org/encoding 484ms (cache revalidated)
205 http fetch GET 200 https://registry.npmjs.org/socks 470ms (cache revalidated)
206 http fetch GET 200 https://registry.npmjs.org/debug 477ms (cache revalidated)
207 http fetch GET 200 https://registry.npmjs.org/@tootallnate%2fonce 522ms (cache revalidated)
208 http fetch GET 200 https://registry.npmjs.org/minipass-collect 543ms (cache updated)
209 http fetch GET 200 https://registry.npmjs.org/@npmcli%2ffs 555ms (cache updated)
210 timing idealTree:node_modules/node-gyp/node_modules/make-fetch-happen Completed in 649ms
211 silly placeDep node_modules/node-gyp humanize-ms@1.2.1 OK for: agentkeepalive@4.5.0 want: ^1.2.1
212 silly fetch manifest ms@^2.0.0
213 http fetch GET 200 https://registry.npmjs.org/ms 114ms (cache revalidated)
214 timing idealTree:node_modules/node-gyp/node_modules/agentkeepalive Completed in 123ms
215 silly placeDep node_modules/node-gyp @npmcli/fs@3.1.0 OK for: cacache@17.1.4 want: ^3.1.0
216 silly placeDep node_modules/node-gyp fs-minipass@3.0.3 OK for: cacache@17.1.4 want: ^3.0.0
217 silly placeDep node_modules/node-gyp/node_modules/cacache glob@10.3.3 OK for: cacache@17.1.4 want: ^10.2.2
218 silly placeDep node_modules/node-gyp/node_modules/cacache minipass@7.0.3 OK for: cacache@17.1.4 want: ^7.0.3
219 silly placeDep node_modules/node-gyp minipass-collect@1.0.2 OK for: cacache@17.1.4 want: ^1.0.2
220 silly placeDep node_modules/node-gyp p-map@4.0.0 OK for: cacache@17.1.4 want: ^4.0.0
221 silly placeDep node_modules/node-gyp unique-filename@3.0.0 OK for: cacache@17.1.4 want: ^3.0.0
222 silly fetch manifest foreground-child@^3.1.0
223 silly fetch manifest jackspeak@^2.0.3
224 silly fetch manifest minimatch@^9.0.1
225 silly fetch manifest path-scurry@^1.10.1
226 silly fetch manifest aggregate-error@^3.0.0
227 silly fetch manifest unique-slug@^4.0.0
228 http fetch GET 200 https://registry.npmjs.org/unique-slug 164ms (cache updated)
229 http fetch GET 200 https://registry.npmjs.org/foreground-child 176ms (cache miss)
230 http fetch GET 200 https://registry.npmjs.org/path-scurry 179ms (cache miss)
231 http fetch GET 200 https://registry.npmjs.org/aggregate-error 181ms (cache updated)
232 http fetch GET 200 https://registry.npmjs.org/jackspeak 189ms (cache miss)
233 timing idealTree:node_modules/node-gyp/node_modules/cacache Completed in 260ms
234 timing idealTree:node_modules/node-gyp/node_modules/@npmcli/fs Completed in 0ms
235 silly placeDep node_modules/node-gyp/node_modules/fs-minipass minipass@7.0.3 OK for: fs-minipass@3.0.3 want: ^7.0.3
236 timing idealTree:node_modules/node-gyp/node_modules/fs-minipass Completed in 6ms
237 timing idealTree:node_modules/node-gyp/node_modules/http-cache-semantics Completed in 0ms
238 silly placeDep node_modules/node-gyp @tootallnate/once@2.0.0 OK for: http-proxy-agent@5.0.0 want: 2
239 silly placeDep node_modules/node-gyp agent-base@6.0.2 OK for: http-proxy-agent@5.0.0 want: 6
240 silly placeDep node_modules/node-gyp debug@4.3.4 OK for: http-proxy-agent@5.0.0 want: 4
241 silly fetch manifest ms@2.1.2
242 timing idealTree:node_modules/node-gyp/node_modules/http-proxy-agent Completed in 15ms
243 timing idealTree:node_modules/node-gyp/node_modules/@tootallnate/once Completed in 1ms
244 timing idealTree:node_modules/node-gyp/node_modules/agent-base Completed in 0ms
245 silly placeDep node_modules/node-gyp ms@2.1.2 OK for: debug@4.3.4 want: 2.1.2
246 timing idealTree:node_modules/node-gyp/node_modules/debug Completed in 3ms
247 timing idealTree:node_modules/node-gyp/node_modules/https-proxy-agent Completed in 0ms
248 timing idealTree:node_modules/node-gyp/node_modules/humanize-ms Completed in 0ms
249 timing idealTree:node_modules/node-gyp/node_modules/is-lambda Completed in 0ms
250 timing idealTree:node_modules/node-gyp/node_modules/lru-cache Completed in 0ms
251 silly placeDep node_modules/node-gyp brace-expansion@1.1.11 OK for: minimatch@3.1.2 want: ^1.1.7
252 silly fetch manifest balanced-match@^1.0.0
253 silly fetch manifest concat-map@0.0.1
254 http fetch GET 200 https://registry.npmjs.org/concat-map 120ms (cache updated)
255 http fetch GET 200 https://registry.npmjs.org/balanced-match 142ms (cache updated)
256 timing idealTree:node_modules/node-gyp/node_modules/minimatch Completed in 149ms
257 silly placeDep node_modules/node-gyp balanced-match@1.0.2 OK for: brace-expansion@1.1.11 want: ^1.0.0
258 silly placeDep node_modules/node-gyp concat-map@0.0.1 OK for: brace-expansion@1.1.11 want: 0.0.1
259 timing idealTree:node_modules/node-gyp/node_modules/brace-expansion Completed in 10ms
260 timing idealTree:node_modules/node-gyp/node_modules/balanced-match Completed in 0ms
261 timing idealTree:node_modules/node-gyp/node_modules/concat-map Completed in 1ms
262 timing idealTree:node_modules/node-gyp/node_modules/minipass Completed in 0ms
263 silly placeDep node_modules/node-gyp/node_modules/minipass-collect minipass@3.3.6 OK for: minipass-collect@1.0.2 want: ^3.0.0
264 timing idealTree:node_modules/node-gyp/node_modules/minipass-collect Completed in 12ms
265 silly placeDep node_modules/node-gyp encoding@0.1.13 OK for: minipass-fetch@3.0.4 want: ^0.1.13
266 silly placeDep node_modules/node-gyp/node_modules/minipass-fetch minipass@7.0.3 OK for: minipass-fetch@3.0.4 want: ^7.0.3
267 silly placeDep node_modules/node-gyp minipass-sized@1.0.3 OK for: minipass-fetch@3.0.4 want: ^1.0.3
268 silly placeDep node_modules/node-gyp minizlib@2.1.2 OK for: minipass-fetch@3.0.4 want: ^2.1.2
269 silly fetch manifest iconv-lite@^0.6.2
270 http fetch GET 200 https://registry.npmjs.org/iconv-lite 88ms (cache updated)
271 timing idealTree:node_modules/node-gyp/node_modules/minipass-fetch Completed in 114ms
272 silly placeDep node_modules/node-gyp iconv-lite@0.6.3 OK for: encoding@0.1.13 want: ^0.6.2
273 silly fetch manifest safer-buffer@>= 2.1.2 < 3.0.0
274 http fetch GET 200 https://registry.npmjs.org/safer-buffer 81ms (cache revalidated)
275 timing idealTree:node_modules/node-gyp/node_modules/encoding Completed in 91ms
276 silly placeDep node_modules/node-gyp safer-buffer@2.1.2 OK for: iconv-lite@0.6.3 want: >= 2.1.2 < 3.0.0
277 timing idealTree:node_modules/node-gyp/node_modules/iconv-lite Completed in 3ms
278 silly placeDep node_modules/node-gyp/node_modules/minipass-flush minipass@3.3.6 OK for: minipass-flush@1.0.5 want: ^3.0.0
279 timing idealTree:node_modules/node-gyp/node_modules/minipass-flush Completed in 4ms
280 silly placeDep node_modules/node-gyp/node_modules/minipass-pipeline minipass@3.3.6 OK for: minipass-pipeline@1.2.4 want: ^3.0.0
281 timing idealTree:node_modules/node-gyp/node_modules/minipass-pipeline Completed in 5ms
282 silly placeDep node_modules/node-gyp/node_modules/minipass-sized minipass@3.3.6 OK for: minipass-sized@1.0.3 want: ^3.0.0
283 timing idealTree:node_modules/node-gyp/node_modules/minipass-sized Completed in 4ms
284 silly placeDep node_modules/node-gyp/node_modules/minizlib minipass@3.3.6 OK for: minizlib@2.1.2 want: ^3.0.0
285 silly placeDep node_modules/node-gyp yallist@4.0.0 OK for: minizlib@2.1.2 want: ^4.0.0
286 timing idealTree:node_modules/node-gyp/node_modules/minizlib Completed in 7ms
287 timing idealTree:node_modules/node-gyp/node_modules/ms Completed in 0ms
288 timing idealTree:node_modules/node-gyp/node_modules/negotiator Completed in 0ms
289 silly placeDep node_modules/node-gyp abbrev@1.1.1 OK for: nopt@6.0.0 want: ^1.0.0
290 timing idealTree:node_modules/node-gyp/node_modules/nopt Completed in 5ms
291 timing idealTree:node_modules/node-gyp/node_modules/abbrev Completed in 0ms
292 silly placeDep node_modules/node-gyp are-we-there-yet@3.0.1 OK for: npmlog@6.0.2 want: ^3.0.0
293 silly placeDep node_modules/node-gyp console-control-strings@1.1.0 OK for: npmlog@6.0.2 want: ^1.1.0
294 silly placeDep node_modules/node-gyp gauge@4.0.4 OK for: npmlog@6.0.2 want: ^4.0.3
295 silly placeDep node_modules/node-gyp set-blocking@2.0.0 OK for: npmlog@6.0.2 want: ^2.0.0
296 silly fetch manifest delegates@^1.0.0
297 silly fetch manifest readable-stream@^3.6.0
298 silly fetch manifest aproba@^1.0.3 || ^2.0.0
299 silly fetch manifest color-support@^1.1.3
300 silly fetch manifest has-unicode@^2.0.1
301 silly fetch manifest signal-exit@^3.0.7
302 silly fetch manifest string-width@^4.2.3
303 silly fetch manifest strip-ansi@^6.0.1
304 silly fetch manifest wide-align@^1.1.5
305 http fetch GET 200 https://registry.npmjs.org/aproba 235ms (cache revalidated)
306 http fetch GET 200 https://registry.npmjs.org/strip-ansi 221ms (cache revalidated)
307 http fetch GET 200 https://registry.npmjs.org/string-width 258ms (cache revalidated)
308 http fetch GET 200 https://registry.npmjs.org/delegates 282ms (cache revalidated)
309 http fetch GET 200 https://registry.npmjs.org/wide-align 263ms (cache revalidated)
310 http fetch GET 200 https://registry.npmjs.org/color-support 299ms (cache updated)
311 http fetch GET 200 https://registry.npmjs.org/has-unicode 300ms (cache updated)
312 http fetch GET 200 https://registry.npmjs.org/signal-exit 302ms (cache updated)
313 http fetch GET 200 https://registry.npmjs.org/readable-stream 368ms (cache updated)
314 timing idealTree:node_modules/node-gyp/node_modules/npmlog Completed in 401ms
315 silly placeDep node_modules/node-gyp delegates@1.0.0 OK for: are-we-there-yet@3.0.1 want: ^1.0.0
316 silly placeDep node_modules/node-gyp readable-stream@3.6.2 OK for: are-we-there-yet@3.0.1 want: ^3.6.0
317 silly fetch manifest string_decoder@^1.1.1
318 silly fetch manifest util-deprecate@^1.0.1
319 http fetch GET 200 https://registry.npmjs.org/string_decoder 134ms (cache updated)
320 http fetch GET 200 https://registry.npmjs.org/util-deprecate 139ms (cache revalidated)
321 timing idealTree:node_modules/node-gyp/node_modules/are-we-there-yet Completed in 160ms
322 timing idealTree:node_modules/node-gyp/node_modules/console-control-strings Completed in 0ms
323 timing idealTree:node_modules/node-gyp/node_modules/delegates Completed in 0ms
324 silly placeDep node_modules/node-gyp aproba@2.0.0 OK for: gauge@4.0.4 want: ^1.0.3 || ^2.0.0
325 silly placeDep node_modules/node-gyp color-support@1.1.3 OK for: gauge@4.0.4 want: ^1.1.3
326 silly placeDep node_modules/node-gyp has-unicode@2.0.1 OK for: gauge@4.0.4 want: ^2.0.1
327 silly placeDep node_modules/node-gyp signal-exit@3.0.7 OK for: gauge@4.0.4 want: ^3.0.7
328 silly placeDep node_modules/node-gyp string-width@4.2.3 OK for: gauge@4.0.4 want: ^4.2.3
329 silly placeDep node_modules/node-gyp strip-ansi@6.0.1 OK for: gauge@4.0.4 want: ^6.0.1
330 silly placeDep node_modules/node-gyp wide-align@1.1.5 OK for: gauge@4.0.4 want: ^1.1.5
331 silly fetch manifest emoji-regex@^8.0.0
332 silly fetch manifest is-fullwidth-code-point@^3.0.0
333 silly fetch manifest ansi-regex@^5.0.1
334 http fetch GET 200 https://registry.npmjs.org/ansi-regex 133ms (cache revalidated)
335 http fetch GET 200 https://registry.npmjs.org/is-fullwidth-code-point 138ms (cache revalidated)
336 http fetch GET 200 https://registry.npmjs.org/emoji-regex 143ms (cache revalidated)
337 timing idealTree:node_modules/node-gyp/node_modules/gauge Completed in 188ms
338 timing idealTree:node_modules/node-gyp/node_modules/aproba Completed in 0ms
339 timing idealTree:node_modules/node-gyp/node_modules/color-support Completed in 0ms
340 timing idealTree:node_modules/node-gyp/node_modules/has-unicode Completed in 0ms
341 timing idealTree:node_modules/node-gyp/node_modules/once Completed in 0ms
342 silly placeDep node_modules/node-gyp aggregate-error@3.1.0 OK for: p-map@4.0.0 want: ^3.0.0
343 silly fetch manifest clean-stack@^2.0.0
344 silly fetch manifest indent-string@^4.0.0
345 http fetch GET 200 https://registry.npmjs.org/clean-stack 142ms (cache updated)
346 http fetch GET 200 https://registry.npmjs.org/indent-string 144ms (cache updated)
347 timing idealTree:node_modules/node-gyp/node_modules/p-map Completed in 153ms
348 silly placeDep node_modules/node-gyp clean-stack@2.2.0 OK for: aggregate-error@3.1.0 want: ^2.0.0
349 silly placeDep node_modules/node-gyp indent-string@4.0.0 OK for: aggregate-error@3.1.0 want: ^4.0.0
350 timing idealTree:node_modules/node-gyp/node_modules/aggregate-error Completed in 8ms
351 timing idealTree:node_modules/node-gyp/node_modules/clean-stack Completed in 0ms
352 timing idealTree:node_modules/node-gyp/node_modules/indent-string Completed in 0ms
353 timing idealTree:node_modules/node-gyp/node_modules/path-is-absolute Completed in 0ms
354 silly placeDep node_modules/node-gyp err-code@2.0.3 OK for: promise-retry@2.0.1 want: ^2.0.2
355 silly placeDep node_modules/node-gyp retry@0.12.0 OK for: promise-retry@2.0.1 want: ^0.12.0
356 timing idealTree:node_modules/node-gyp/node_modules/promise-retry Completed in 6ms
357 timing idealTree:node_modules/node-gyp/node_modules/err-code Completed in 0ms
358 silly placeDep node_modules/node-gyp string_decoder@1.3.0 OK for: readable-stream@3.6.2 want: ^1.1.1
359 silly placeDep node_modules/node-gyp util-deprecate@1.0.2 OK for: readable-stream@3.6.2 want: ^1.0.1
360 silly fetch manifest safe-buffer@~5.2.0
361 http fetch GET 200 https://registry.npmjs.org/safe-buffer 111ms (cache updated)
362 timing idealTree:node_modules/node-gyp/node_modules/readable-stream Completed in 125ms
363 timing idealTree:node_modules/node-gyp/node_modules/retry Completed in 0ms
364 timing idealTree:node_modules/node-gyp/node_modules/rimraf Completed in 0ms
365 timing idealTree:node_modules/node-gyp/node_modules/safer-buffer Completed in 0ms
366 silly placeDep node_modules/node-gyp/node_modules/semver lru-cache@6.0.0 OK for: semver@7.5.4 want: ^6.0.0
367 timing idealTree:node_modules/node-gyp/node_modules/semver Completed in 3ms
368 timing idealTree:node_modules/node-gyp/node_modules/set-blocking Completed in 0ms
369 timing idealTree:node_modules/node-gyp/node_modules/signal-exit Completed in 0ms
370 silly placeDep node_modules/node-gyp socks@2.7.1 OK for: socks-proxy-agent@7.0.0 want: ^2.6.2
371 silly fetch manifest ip@^2.0.0
372 silly fetch manifest smart-buffer@^4.2.0
373 http fetch GET 200 https://registry.npmjs.org/smart-buffer 109ms (cache revalidated)
374 http fetch GET 200 https://registry.npmjs.org/ip 114ms (cache revalidated)
375 timing idealTree:node_modules/node-gyp/node_modules/socks-proxy-agent Completed in 119ms
376 silly placeDep node_modules/node-gyp ip@2.0.0 OK for: socks@2.7.1 want: ^2.0.0
377 silly placeDep node_modules/node-gyp smart-buffer@4.2.0 OK for: socks@2.7.1 want: ^4.2.0
378 timing idealTree:node_modules/node-gyp/node_modules/socks Completed in 9ms
379 timing idealTree:node_modules/node-gyp/node_modules/ip Completed in 0ms
380 timing idealTree:node_modules/node-gyp/node_modules/smart-buffer Completed in 0ms
381 silly placeDep node_modules/node-gyp/node_modules/ssri minipass@7.0.3 OK for: ssri@10.0.5 want: ^7.0.3
382 timing idealTree:node_modules/node-gyp/node_modules/ssri Completed in 3ms
383 silly placeDep node_modules/node-gyp safe-buffer@5.2.1 OK for: string_decoder@1.3.0 want: ~5.2.0
384 timing idealTree:node_modules/node-gyp/node_modules/string_decoder Completed in 17ms
385 timing idealTree:node_modules/node-gyp/node_modules/safe-buffer Completed in 0ms
386 silly placeDep node_modules/node-gyp emoji-regex@8.0.0 OK for: string-width@4.2.3 want: ^8.0.0
387 silly placeDep node_modules/node-gyp is-fullwidth-code-point@3.0.0 OK for: string-width@4.2.3 want: ^3.0.0
388 timing idealTree:node_modules/node-gyp/node_modules/string-width Completed in 9ms
389 timing idealTree:node_modules/node-gyp/node_modules/emoji-regex Completed in 0ms
390 timing idealTree:node_modules/node-gyp/node_modules/is-fullwidth-code-point Completed in 0ms
391 silly placeDep node_modules/node-gyp ansi-regex@5.0.1 OK for: strip-ansi@6.0.1 want: ^5.0.1
392 timing idealTree:node_modules/node-gyp/node_modules/strip-ansi Completed in 4ms
393 timing idealTree:node_modules/node-gyp/node_modules/ansi-regex Completed in 0ms
394 silly placeDep node_modules/node-gyp chownr@2.0.0 OK for: tar@6.1.15 want: ^2.0.0
395 silly placeDep node_modules/node-gyp/node_modules/tar fs-minipass@2.1.0 OK for: tar@6.1.15 want: ^2.0.0
396 silly placeDep node_modules/node-gyp mkdirp@1.0.4 OK for: tar@6.1.15 want: ^1.0.3
397 timing idealTree:node_modules/node-gyp/node_modules/tar Completed in 13ms
398 timing idealTree:node_modules/node-gyp/node_modules/chownr Completed in 0ms
399 timing idealTree:node_modules/node-gyp/node_modules/mkdirp Completed in 0ms
400 silly placeDep node_modules/node-gyp unique-slug@4.0.0 OK for: unique-filename@3.0.0 want: ^4.0.0
401 silly fetch manifest imurmurhash@^0.1.4
402 http fetch GET 200 https://registry.npmjs.org/imurmurhash 107ms (cache updated)
403 timing idealTree:node_modules/node-gyp/node_modules/unique-filename Completed in 119ms
404 silly placeDep node_modules/node-gyp imurmurhash@0.1.4 OK for: unique-slug@4.0.0 want: ^0.1.4
405 timing idealTree:node_modules/node-gyp/node_modules/unique-slug Completed in 4ms
406 timing idealTree:node_modules/node-gyp/node_modules/imurmurhash Completed in 0ms
407 timing idealTree:node_modules/node-gyp/node_modules/util-deprecate Completed in 0ms
408 silly placeDep node_modules/node-gyp isexe@2.0.0 OK for: which@2.0.2 want: ^2.0.0
409 timing idealTree:node_modules/node-gyp/node_modules/which Completed in 4ms
410 timing idealTree:node_modules/node-gyp/node_modules/isexe Completed in 1ms
411 timing idealTree:node_modules/node-gyp/node_modules/wide-align Completed in 0ms
412 timing idealTree:node_modules/node-gyp/node_modules/wrappy Completed in 0ms
413 timing idealTree:node_modules/node-gyp/node_modules/yallist Completed in 0ms
414 silly placeDep node_modules/node-gyp foreground-child@3.1.1 OK for: glob@10.3.3 want: ^3.1.0
415 silly placeDep node_modules/node-gyp jackspeak@2.3.0 OK for: glob@10.3.3 want: ^2.0.3
416 silly placeDep node_modules/node-gyp/node_modules/cacache minimatch@9.0.3 OK for: glob@10.3.3 want: ^9.0.1
417 silly placeDep node_modules/node-gyp path-scurry@1.10.1 OK for: glob@10.3.3 want: ^1.10.1
418 silly fetch manifest cross-spawn@^7.0.0
419 silly fetch manifest signal-exit@^4.0.1
420 silly fetch manifest @isaacs/cliui@^8.0.2
421 silly fetch manifest @pkgjs/parseargs@^0.11.0
422 silly fetch manifest brace-expansion@^2.0.1
423 silly fetch manifest lru-cache@^9.1.1 || ^10.0.0
424 http fetch GET 200 https://registry.npmjs.org/cross-spawn 114ms (cache updated)
425 http fetch GET 200 https://registry.npmjs.org/@isaacs%2fcliui 157ms (cache miss)
426 http fetch GET 200 https://registry.npmjs.org/@pkgjs%2fparseargs 158ms (cache miss)
427 timing idealTree:node_modules/node-gyp/node_modules/cacache/node_modules/glob Completed in 181ms
428 silly placeDep node_modules/node-gyp cross-spawn@7.0.3 OK for: foreground-child@3.1.1 want: ^7.0.0
429 silly placeDep node_modules/node-gyp/node_modules/foreground-child signal-exit@4.1.0 OK for: foreground-child@3.1.1 want: ^4.0.1
430 silly fetch manifest path-key@^3.1.0
431 silly fetch manifest shebang-command@^2.0.0
432 http fetch GET 200 https://registry.npmjs.org/shebang-command 92ms (cache updated)
433 http fetch GET 200 https://registry.npmjs.org/path-key 110ms (cache updated)
434 timing idealTree:node_modules/node-gyp/node_modules/foreground-child Completed in 121ms
435 silly placeDep node_modules/node-gyp path-key@3.1.1 OK for: cross-spawn@7.0.3 want: ^3.1.0
436 silly placeDep node_modules/node-gyp shebang-command@2.0.0 OK for: cross-spawn@7.0.3 want: ^2.0.0
437 silly fetch manifest shebang-regex@^3.0.0
438 http fetch GET 200 https://registry.npmjs.org/shebang-regex 92ms (cache updated)
439 timing idealTree:node_modules/node-gyp/node_modules/cross-spawn Completed in 103ms
440 silly placeDep node_modules/node-gyp @isaacs/cliui@8.0.2 OK for: jackspeak@2.3.0 want: ^8.0.2
441 silly placeDep node_modules/node-gyp @pkgjs/parseargs@0.11.0 OK for: jackspeak@2.3.0 want: ^0.11.0
442 silly fetch manifest string-width@^5.1.2
443 silly fetch manifest string-width-cjs@npm:string-width@^4.2.0
444 silly fetch manifest strip-ansi@^7.0.1
445 silly fetch manifest strip-ansi-cjs@npm:strip-ansi@^6.0.1
446 silly fetch manifest wrap-ansi@^8.1.0
447 silly fetch manifest wrap-ansi-cjs@npm:wrap-ansi@^7.0.0
448 http fetch GET 200 https://registry.npmjs.org/wrap-ansi 112ms (cache revalidated)
449 http fetch GET 200 https://registry.npmjs.org/wrap-ansi 123ms (cache revalidated)
450 timing idealTree:node_modules/node-gyp/node_modules/jackspeak Completed in 141ms
451 silly placeDep node_modules/node-gyp/node_modules/@isaacs/cliui string-width@5.1.2 OK for: @isaacs/cliui@8.0.2 want: ^5.1.2
452 silly placeDep node_modules/node-gyp string-width-cjs@4.2.3 OK for: @isaacs/cliui@8.0.2 want: npm:string-width@^4.2.0
453 silly placeDep node_modules/node-gyp/node_modules/@isaacs/cliui strip-ansi@7.1.0 OK for: @isaacs/cliui@8.0.2 want: ^7.0.1
454 silly placeDep node_modules/node-gyp strip-ansi-cjs@6.0.1 OK for: @isaacs/cliui@8.0.2 want: npm:strip-ansi@^6.0.1
455 silly placeDep node_modules/node-gyp wrap-ansi@8.1.0 OK for: @isaacs/cliui@8.0.2 want: ^8.1.0
456 silly placeDep node_modules/node-gyp wrap-ansi-cjs@7.0.0 OK for: @isaacs/cliui@8.0.2 want: npm:wrap-ansi@^7.0.0
457 silly fetch manifest eastasianwidth@^0.2.0
458 silly fetch manifest emoji-regex@^9.2.2
459 silly fetch manifest ansi-regex@^6.0.1
460 silly fetch manifest ansi-styles@^6.1.0
461 silly fetch manifest string-width@^5.0.1
462 silly fetch manifest ansi-styles@^4.0.0
463 http fetch GET 200 https://registry.npmjs.org/eastasianwidth 103ms (cache miss)
464 http fetch GET 200 https://registry.npmjs.org/ansi-styles 106ms (cache revalidated)
465 http fetch GET 200 https://registry.npmjs.org/ansi-styles 107ms (cache revalidated)
466 timing idealTree:node_modules/node-gyp/node_modules/@isaacs/cliui Completed in 153ms
467 timing idealTree:node_modules/node-gyp/node_modules/@pkgjs/parseargs Completed in 0ms
468 timing idealTree:node_modules/node-gyp/node_modules/path-key Completed in 0ms
469 silly placeDep node_modules/node-gyp/node_modules/path-scurry lru-cache@10.0.1 OK for: path-scurry@1.10.1 want: ^9.1.1 || ^10.0.0
470 timing idealTree:node_modules/node-gyp/node_modules/path-scurry Completed in 4ms
471 silly placeDep node_modules/node-gyp shebang-regex@3.0.0 OK for: shebang-command@2.0.0 want: ^3.0.0
472 timing idealTree:node_modules/node-gyp/node_modules/shebang-command Completed in 3ms
473 timing idealTree:node_modules/node-gyp/node_modules/shebang-regex Completed in 0ms
474 timing idealTree:node_modules/node-gyp/node_modules/string-width-cjs Completed in 0ms
475 timing idealTree:node_modules/node-gyp/node_modules/strip-ansi-cjs Completed in 0ms
476 silly placeDep node_modules/node-gyp ansi-styles@6.2.1 OK for: wrap-ansi@8.1.0 want: ^6.1.0
477 silly placeDep node_modules/node-gyp/node_modules/wrap-ansi string-width@5.1.2 OK for: wrap-ansi@8.1.0 want: ^5.0.1
478 silly placeDep node_modules/node-gyp/node_modules/wrap-ansi strip-ansi@7.1.0 OK for: wrap-ansi@8.1.0 want: ^7.0.1
479 timing idealTree:node_modules/node-gyp/node_modules/wrap-ansi Completed in 11ms
480 timing idealTree:node_modules/node-gyp/node_modules/ansi-styles Completed in 0ms
481 silly placeDep node_modules/node-gyp/node_modules/wrap-ansi-cjs ansi-styles@4.3.0 OK for: wrap-ansi@7.0.0 want: ^4.0.0
482 silly fetch manifest color-convert@^2.0.1
483 http fetch GET 200 https://registry.npmjs.org/color-convert 106ms (cache revalidated)
484 timing idealTree:node_modules/node-gyp/node_modules/wrap-ansi-cjs Completed in 112ms
485 silly placeDep node_modules/node-gyp eastasianwidth@0.2.0 OK for: string-width@5.1.2 want: ^0.2.0
486 silly placeDep node_modules/node-gyp/node_modules/@isaacs/cliui emoji-regex@9.2.2 OK for: string-width@5.1.2 want: ^9.2.2
487 timing idealTree:node_modules/node-gyp/node_modules/@isaacs/cliui/node_modules/string-width Completed in 8ms
488 timing idealTree:node_modules/node-gyp/node_modules/eastasianwidth Completed in 1ms
489 timing idealTree:node_modules/node-gyp/node_modules/@isaacs/cliui/node_modules/emoji-regex Completed in 0ms
490 silly placeDep node_modules/node-gyp/node_modules/@isaacs/cliui ansi-regex@6.0.1 OK for: strip-ansi@7.1.0 want: ^6.0.1
491 timing idealTree:node_modules/node-gyp/node_modules/@isaacs/cliui/node_modules/strip-ansi Completed in 8ms
492 timing idealTree:node_modules/node-gyp/node_modules/@isaacs/cliui/node_modules/ansi-regex Completed in 1ms
493 silly placeDep node_modules/node-gyp/node_modules/cacache brace-expansion@2.0.1 OK for: minimatch@9.0.3 want: ^2.0.1
494 timing idealTree:node_modules/node-gyp/node_modules/cacache/node_modules/minimatch Completed in 5ms
495 timing idealTree:node_modules/node-gyp/node_modules/cacache/node_modules/brace-expansion Completed in 0ms
496 timing idealTree:node_modules/node-gyp/node_modules/cacache/node_modules/minipass Completed in 0ms
497 timing idealTree:node_modules/node-gyp/node_modules/foreground-child/node_modules/signal-exit Completed in 0ms
498 timing idealTree:node_modules/node-gyp/node_modules/fs-minipass/node_modules/minipass Completed in 0ms
499 timing idealTree:node_modules/node-gyp/node_modules/minipass-collect/node_modules/minipass Completed in 0ms
500 timing idealTree:node_modules/node-gyp/node_modules/minipass-fetch/node_modules/minipass Completed in 0ms
501 timing idealTree:node_modules/node-gyp/node_modules/minipass-flush/node_modules/minipass Completed in 0ms
502 timing idealTree:node_modules/node-gyp/node_modules/minipass-pipeline/node_modules/minipass Completed in 0ms
503 timing idealTree:node_modules/node-gyp/node_modules/minipass-sized/node_modules/minipass Completed in 0ms
504 timing idealTree:node_modules/node-gyp/node_modules/minizlib/node_modules/minipass Completed in 0ms
505 timing idealTree:node_modules/node-gyp/node_modules/path-scurry/node_modules/lru-cache Completed in 0ms
506 timing idealTree:node_modules/node-gyp/node_modules/semver/node_modules/lru-cache Completed in 0ms
507 timing idealTree:node_modules/node-gyp/node_modules/ssri/node_modules/minipass Completed in 0ms
508 silly placeDep node_modules/node-gyp/node_modules/tar/node_modules/fs-minipass minipass@3.3.6 OK for: fs-minipass@2.1.0 want: ^3.0.0
509 timing idealTree:node_modules/node-gyp/node_modules/tar/node_modules/fs-minipass Completed in 3ms
510 silly placeDep node_modules/node-gyp color-convert@2.0.1 OK for: ansi-styles@4.3.0 want: ^2.0.1
511 silly fetch manifest color-name@~1.1.4
512 http fetch GET 200 https://registry.npmjs.org/color-name 100ms (cache revalidated)
513 timing idealTree:node_modules/node-gyp/node_modules/wrap-ansi-cjs/node_modules/ansi-styles Completed in 108ms
514 silly placeDep node_modules/node-gyp color-name@1.1.4 OK for: color-convert@2.0.1 want: ~1.1.4
515 timing idealTree:node_modules/node-gyp/node_modules/color-convert Completed in 3ms
516 timing idealTree:node_modules/node-gyp/node_modules/color-name Completed in 0ms
517 silly placeDep node_modules/node-gyp/node_modules/wrap-ansi emoji-regex@9.2.2 OK for: string-width@5.1.2 want: ^9.2.2
518 timing idealTree:node_modules/node-gyp/node_modules/wrap-ansi/node_modules/string-width Completed in 4ms
519 timing idealTree:node_modules/node-gyp/node_modules/wrap-ansi/node_modules/emoji-regex Completed in 0ms
520 silly placeDep node_modules/node-gyp/node_modules/wrap-ansi ansi-regex@6.0.1 OK for: strip-ansi@7.1.0 want: ^6.0.1
521 timing idealTree:node_modules/node-gyp/node_modules/wrap-ansi/node_modules/strip-ansi Completed in 3ms
522 timing idealTree:node_modules/node-gyp/node_modules/wrap-ansi/node_modules/ansi-regex Completed in 0ms
523 timing idealTree:node_modules/node-gyp/node_modules/tar/node_modules/fs-minipass/node_modules/minipass Completed in 0ms
524 timing idealTree:buildDeps Completed in 6725ms
525 timing idealTree:fixDepFlags Completed in 8ms
526 timing idealTree Completed in 6772ms
527 timing reify:loadTrees Completed in 6817ms
528 timing reify:diffTrees Completed in 34ms
529 silly reify moves {}
530 timing reify:retireShallow Completed in 4ms
531 timing reify:createSparse Completed in 501ms
532 timing reify:loadBundles Completed in 0ms
533 silly audit bulk request {
533 silly audit   'node-gyp': [ '9.4.0' ],
533 silly audit   'env-paths': [ '2.2.1' ],
533 silly audit   'exponential-backoff': [ '3.1.1' ],
533 silly audit   glob: [ '7.2.3', '10.3.3' ],
533 silly audit   'graceful-fs': [ '4.2.11' ],
533 silly audit   'make-fetch-happen': [ '11.1.1' ],
533 silly audit   nopt: [ '6.0.0' ],
533 silly audit   npmlog: [ '6.0.2' ],
533 silly audit   rimraf: [ '3.0.2' ],
533 silly audit   semver: [ '7.5.4' ],
533 silly audit   tar: [ '6.1.15' ],
533 silly audit   which: [ '2.0.2' ],
533 silly audit   'fs.realpath': [ '1.0.0' ],
533 silly audit   inflight: [ '1.0.6' ],
533 silly audit   inherits: [ '2.0.4' ],
533 silly audit   minimatch: [ '3.1.2', '9.0.3' ],
533 silly audit   once: [ '1.4.0' ],
533 silly audit   'path-is-absolute': [ '1.0.1' ],
533 silly audit   wrappy: [ '1.0.2' ],
533 silly audit   agentkeepalive: [ '4.5.0' ],
533 silly audit   cacache: [ '17.1.4' ],
533 silly audit   'http-cache-semantics': [ '4.1.1' ],
533 silly audit   'http-proxy-agent': [ '5.0.0' ],
533 silly audit   'https-proxy-agent': [ '5.0.1' ],
533 silly audit   'is-lambda': [ '1.0.1' ],
533 silly audit   'lru-cache': [ '7.18.3', '6.0.0', '10.0.1' ],
533 silly audit   minipass: [ '5.0.0', '7.0.3', '3.3.6' ],
533 silly audit   'minipass-fetch': [ '3.0.4' ],
533 silly audit   'minipass-flush': [ '1.0.5' ],
533 silly audit   'minipass-pipeline': [ '1.2.4' ],
533 silly audit   negotiator: [ '0.6.3' ],
533 silly audit   'promise-retry': [ '2.0.1' ],
533 silly audit   'socks-proxy-agent': [ '7.0.0' ],
533 silly audit   ssri: [ '10.0.5' ],
533 silly audit   'humanize-ms': [ '1.2.1' ],
533 silly audit   '@npmcli/fs': [ '3.1.0' ],
533 silly audit   'fs-minipass': [ '3.0.3', '2.1.0' ],
533 silly audit   'minipass-collect': [ '1.0.2' ],
533 silly audit   'p-map': [ '4.0.0' ],
533 silly audit   'unique-filename': [ '3.0.0' ],
533 silly audit   '@tootallnate/once': [ '2.0.0' ],
533 silly audit   'agent-base': [ '6.0.2' ],
533 silly audit   debug: [ '4.3.4' ],
533 silly audit   ms: [ '2.1.2' ],
533 silly audit   'brace-expansion': [ '1.1.11', '2.0.1' ],
533 silly audit   'balanced-match': [ '1.0.2' ],
533 silly audit   'concat-map': [ '0.0.1' ],
533 silly audit   encoding: [ '0.1.13' ],
533 silly audit   'minipass-sized': [ '1.0.3' ],
533 silly audit   minizlib: [ '2.1.2' ],
533 silly audit   'iconv-lite': [ '0.6.3' ],
533 silly audit   'safer-buffer': [ '2.1.2' ],
533 silly audit   yallist: [ '4.0.0' ],
533 silly audit   abbrev: [ '1.1.1' ],
533 silly audit   'are-we-there-yet': [ '3.0.1' ],
533 silly audit   'console-control-strings': [ '1.1.0' ],
533 silly audit   gauge: [ '4.0.4' ],
533 silly audit   'set-blocking': [ '2.0.0' ],
533 silly audit   delegates: [ '1.0.0' ],
533 silly audit   'readable-stream': [ '3.6.2' ],
533 silly audit   aproba: [ '2.0.0' ],
533 silly audit   'color-support': [ '1.1.3' ],
533 silly audit   'has-unicode': [ '2.0.1' ],
533 silly audit   'signal-exit': [ '3.0.7', '4.1.0' ],
533 silly audit   'string-width': [ '4.2.3', '5.1.2' ],
533 silly audit   'strip-ansi': [ '6.0.1', '7.1.0' ],
533 silly audit   'wide-align': [ '1.1.5' ],
533 silly audit   'aggregate-error': [ '3.1.0' ],
533 silly audit   'clean-stack': [ '2.2.0' ],
533 silly audit   'indent-string': [ '4.0.0' ],
533 silly audit   'err-code': [ '2.0.3' ],
533 silly audit   retry: [ '0.12.0' ],
533 silly audit   string_decoder: [ '1.3.0' ],
533 silly audit   'util-deprecate': [ '1.0.2' ],
533 silly audit   socks: [ '2.7.1' ],
533 silly audit   ip: [ '2.0.0' ],
533 silly audit   'smart-buffer': [ '4.2.0' ],
533 silly audit   'safe-buffer': [ '5.2.1' ],
533 silly audit   'emoji-regex': [ '8.0.0', '9.2.2' ],
533 silly audit   'is-fullwidth-code-point': [ '3.0.0' ],
533 silly audit   'ansi-regex': [ '5.0.1', '6.0.1' ],
533 silly audit   chownr: [ '2.0.0' ],
533 silly audit   mkdirp: [ '1.0.4' ],
533 silly audit   'unique-slug': [ '4.0.0' ],
533 silly audit   imurmurhash: [ '0.1.4' ],
533 silly audit   isexe: [ '2.0.0' ],
533 silly audit   'foreground-child': [ '3.1.1' ],
533 silly audit   jackspeak: [ '2.3.0' ],
533 silly audit   'path-scurry': [ '1.10.1' ],
533 silly audit   'cross-spawn': [ '7.0.3' ],
533 silly audit   'path-key': [ '3.1.1' ],
533 silly audit   'shebang-command': [ '2.0.0' ],
533 silly audit   '@isaacs/cliui': [ '8.0.2' ],
533 silly audit   '@pkgjs/parseargs': [ '0.11.0' ],
533 silly audit   'wrap-ansi': [ '8.1.0', '7.0.0' ],
533 silly audit   'shebang-regex': [ '3.0.0' ],
533 silly audit   'ansi-styles': [ '6.2.1', '4.3.0' ],
533 silly audit   eastasianwidth: [ '0.2.0' ],
533 silly audit   'color-convert': [ '2.0.1' ],
533 silly audit   'color-name': [ '1.1.4' ]
533 silly audit }
534 silly tarball no local data for node-gyp@https://registry.npmjs.org/node-gyp/-/node-gyp-9.4.0.tgz. Extracting by manifest.
535 silly tarball no local data for eastasianwidth@https://registry.npmjs.org/eastasianwidth/-/eastasianwidth-0.2.0.tgz. Extracting by manifest.
536 silly tarball no local data for ansi-styles@https://registry.npmjs.org/ansi-styles/-/ansi-styles-6.2.1.tgz. Extracting by manifest.
537 silly tarball no local data for wrap-ansi@https://registry.npmjs.org/wrap-ansi/-/wrap-ansi-8.1.0.tgz. Extracting by manifest.
538 silly tarball no local data for strip-ansi@https://registry.npmjs.org/strip-ansi/-/strip-ansi-7.1.0.tgz. Extracting by manifest.
539 silly tarball no local data for string-width@https://registry.npmjs.org/string-width/-/string-width-5.1.2.tgz. Extracting by manifest.
540 silly tarball no local data for @pkgjs/parseargs@https://registry.npmjs.org/@pkgjs/parseargs/-/parseargs-0.11.0.tgz. Extracting by manifest.
541 silly tarball no local data for @isaacs/cliui@https://registry.npmjs.org/@isaacs/cliui/-/cliui-8.0.2.tgz. Extracting by manifest.
542 silly tarball no local data for strip-ansi@https://registry.npmjs.org/strip-ansi/-/strip-ansi-7.1.0.tgz. Extracting by manifest.
543 silly tarball no local data for string-width@https://registry.npmjs.org/string-width/-/string-width-5.1.2.tgz. Extracting by manifest.
544 silly tarball no local data for lru-cache@https://registry.npmjs.org/lru-cache/-/lru-cache-10.0.1.tgz. Extracting by manifest.
545 silly tarball no local data for signal-exit@https://registry.npmjs.org/signal-exit/-/signal-exit-4.1.0.tgz. Extracting by manifest.
546 silly tarball no local data for jackspeak@https://registry.npmjs.org/jackspeak/-/jackspeak-2.3.0.tgz. Extracting by manifest.
547 silly tarball no local data for path-scurry@https://registry.npmjs.org/path-scurry/-/path-scurry-1.10.1.tgz. Extracting by manifest.
548 silly tarball no local data for foreground-child@https://registry.npmjs.org/foreground-child/-/foreground-child-3.1.1.tgz. Extracting by manifest.
549 silly tarball no local data for unique-slug@https://registry.npmjs.org/unique-slug/-/unique-slug-4.0.0.tgz. Extracting by manifest.
550 silly tarball no local data for readable-stream@https://registry.npmjs.org/readable-stream/-/readable-stream-3.6.2.tgz. Extracting by manifest.
551 silly tarball no local data for minipass@https://registry.npmjs.org/minipass/-/minipass-3.3.6.tgz. Extracting by manifest.
552 silly tarball no local data for minipass@https://registry.npmjs.org/minipass/-/minipass-3.3.6.tgz. Extracting by manifest.
553 silly tarball no local data for unique-filename@https://registry.npmjs.org/unique-filename/-/unique-filename-3.0.0.tgz. Extracting by manifest.
554 silly tarball no local data for @npmcli/fs@https://registry.npmjs.org/@npmcli/fs/-/fs-3.1.0.tgz. Extracting by manifest.
555 silly tarball no local data for fs-minipass@https://registry.npmjs.org/fs-minipass/-/fs-minipass-3.0.3.tgz. Extracting by manifest.
556 silly tarball no local data for minipass@https://registry.npmjs.org/minipass/-/minipass-7.0.3.tgz. Extracting by manifest.
557 silly tarball no local data for minipass@https://registry.npmjs.org/minipass/-/minipass-7.0.3.tgz. Extracting by manifest.
558 silly tarball no local data for minipass@https://registry.npmjs.org/minipass/-/minipass-3.3.6.tgz. Extracting by manifest.
559 silly tarball no local data for minipass@https://registry.npmjs.org/minipass/-/minipass-3.3.6.tgz. Extracting by manifest.
560 silly tarball no local data for ssri@https://registry.npmjs.org/ssri/-/ssri-10.0.5.tgz. Extracting by manifest.
561 silly tarball no local data for minipass-fetch@https://registry.npmjs.org/minipass-fetch/-/minipass-fetch-3.0.4.tgz. Extracting by manifest.
562 silly tarball no local data for minipass@https://registry.npmjs.org/minipass/-/minipass-5.0.0.tgz. Extracting by manifest.
563 silly tarball no local data for minipass@https://registry.npmjs.org/minipass/-/minipass-7.0.3.tgz. Extracting by manifest.
564 silly tarball no local data for http-cache-semantics@https://registry.npmjs.org/http-cache-semantics/-/http-cache-semantics-4.1.1.tgz. Extracting by manifest.
565 silly tarball no local data for cacache@https://registry.npmjs.org/cacache/-/cacache-17.1.4.tgz. Extracting by manifest.
566 silly tarball no local data for minimatch@https://registry.npmjs.org/minimatch/-/minimatch-9.0.3.tgz. Extracting by manifest.
567 silly tarball no local data for minipass@https://registry.npmjs.org/minipass/-/minipass-7.0.3.tgz. Extracting by manifest.
568 silly tarball no local data for glob@https://registry.npmjs.org/glob/-/glob-10.3.3.tgz. Extracting by manifest.
569 silly tarball no local data for agentkeepalive@https://registry.npmjs.org/agentkeepalive/-/agentkeepalive-4.5.0.tgz. Extracting by manifest.
570 silly tarball no local data for tar@https://registry.npmjs.org/tar/-/tar-6.1.15.tgz. Extracting by manifest.
571 silly tarball no local data for semver@https://registry.npmjs.org/semver/-/semver-7.5.4.tgz. Extracting by manifest.
572 silly tarball no local data for make-fetch-happen@https://registry.npmjs.org/make-fetch-happen/-/make-fetch-happen-11.1.1.tgz. Extracting by manifest.
573 silly tarball no local data for exponential-backoff@https://registry.npmjs.org/exponential-backoff/-/exponential-backoff-3.1.1.tgz. Extracting by manifest.
574 silly tarball no local data for minipass@https://registry.npmjs.org/minipass/-/minipass-3.3.6.tgz. Extracting by manifest.
575 silly tarball no local data for minipass@https://registry.npmjs.org/minipass/-/minipass-3.3.6.tgz. Extracting by manifest.
576 http fetch POST 200 https://registry.npmjs.org/-/npm/v1/security/advisories/bulk 929ms
577 timing auditReport:getReport Completed in 954ms
578 silly audit report {}
579 timing auditReport:init Completed in 0ms
580 timing reify:audit Completed in 963ms
581 timing reifyNode:node_modules/node-gyp/node_modules/ip Completed in 3848ms
582 http fetch GET 200 https://registry.npmjs.org/eastasianwidth/-/eastasianwidth-0.2.0.tgz 3525ms (cache miss)
583 timing reifyNode:node_modules/node-gyp/node_modules/eastasianwidth Completed in 4046ms
584 http fetch GET 200 https://registry.npmjs.org/strip-ansi/-/strip-ansi-7.1.0.tgz 3507ms (cache miss)
585 http fetch GET 200 https://registry.npmjs.org/string-width/-/string-width-5.1.2.tgz 3502ms (cache miss)
586 http fetch GET 200 https://registry.npmjs.org/ansi-styles/-/ansi-styles-6.2.1.tgz 3554ms (cache miss)
587 timing reifyNode:node_modules/node-gyp/node_modules/color-name Completed in 4105ms
588 timing reifyNode:node_modules/node-gyp/node_modules/wrap-ansi-cjs Completed in 4105ms
589 timing reifyNode:node_modules/node-gyp/node_modules/shebang-command Completed in 4109ms
590 timing reifyNode:node_modules/node-gyp/node_modules/chownr Completed in 4105ms
591 timing reifyNode:node_modules/node-gyp/node_modules/imurmurhash Completed in 4111ms
592 timing reifyNode:node_modules/node-gyp/node_modules/has-unicode Completed in 4110ms
593 timing reifyNode:node_modules/node-gyp/node_modules/wide-align Completed in 4112ms
594 http fetch GET 200 https://registry.npmjs.org/unique-slug/-/unique-slug-4.0.0.tgz 3498ms (cache miss)
595 timing reifyNode:node_modules/node-gyp/node_modules/abbrev Completed in 4164ms
596 timing reifyNode:node_modules/node-gyp/node_modules/minipass-collect Completed in 4169ms
597 timing reifyNode:node_modules/node-gyp/node_modules/ms Completed in 4170ms
598 timing reifyNode:node_modules/node-gyp/node_modules/wrappy Completed in 4154ms
599 timing reifyNode:node_modules/node-gyp/node_modules/once Completed in 4155ms
600 timing reifyNode:node_modules/node-gyp/node_modules/minipass-flush Completed in 4164ms
601 timing reifyNode:node_modules/node-gyp/node_modules/path-is-absolute Completed in 4157ms
602 timing reifyNode:node_modules/node-gyp/node_modules/brace-expansion Completed in 4180ms
603 timing reifyNode:node_modules/node-gyp/node_modules/inflight Completed in 4168ms
604 timing reifyNode:node_modules/node-gyp/node_modules/minipass-pipeline Completed in 4187ms
605 http fetch GET 200 https://registry.npmjs.org/minipass/-/minipass-3.3.6.tgz 3548ms (cache miss)
606 http fetch GET 200 https://registry.npmjs.org/unique-filename/-/unique-filename-3.0.0.tgz 3536ms (cache miss)
607 timing reifyNode:node_modules/node-gyp/node_modules/semver/node_modules/lru-cache Completed in 4236ms
608 timing reifyNode:node_modules/node-gyp/node_modules/tar/node_modules/fs-minipass Completed in 4238ms
609 timing reifyNode:node_modules/node-gyp/node_modules/string_decoder Completed in 4284ms
610 http fetch GET 200 https://registry.npmjs.org/wrap-ansi/-/wrap-ansi-8.1.0.tgz 3765ms (cache miss)
611 http fetch GET 200 https://registry.npmjs.org/string-width/-/string-width-5.1.2.tgz 3716ms (cache miss)
612 http fetch GET 200 https://registry.npmjs.org/strip-ansi/-/strip-ansi-7.1.0.tgz 3724ms (cache miss)
613 timing reifyNode:node_modules/node-gyp/node_modules/unique-slug Completed in 4304ms
614 http fetch GET 200 https://registry.npmjs.org/fs-minipass/-/fs-minipass-3.0.3.tgz 3611ms (cache miss)
615 http fetch GET 200 https://registry.npmjs.org/http-cache-semantics/-/http-cache-semantics-4.1.1.tgz 3549ms (cache miss)
616 http fetch GET 200 https://registry.npmjs.org/exponential-backoff/-/exponential-backoff-3.1.1.tgz 3497ms (cache miss)
617 timing reifyNode:node_modules/node-gyp/node_modules/minimatch Completed in 4330ms
618 timing reifyNode:node_modules/node-gyp/node_modules/npmlog Completed in 4344ms
619 timing reifyNode:node_modules/node-gyp/node_modules/unique-filename Completed in 4370ms
620 http fetch GET 200 https://registry.npmjs.org/minipass/-/minipass-3.3.6.tgz 3662ms (cache miss)
621 http fetch GET 200 https://registry.npmjs.org/minipass/-/minipass-3.3.6.tgz 3669ms (cache miss)
622 timing reifyNode:node_modules/node-gyp/node_modules/fs-minipass Completed in 4381ms
623 timing reifyNode:node_modules/node-gyp/node_modules/string-width-cjs Completed in 4417ms
624 timing reifyNode:node_modules/node-gyp/node_modules/wrap-ansi/node_modules/ansi-regex Completed in 4420ms
625 timing reifyNode:node_modules/node-gyp/node_modules/path-key Completed in 4418ms
626 timing reifyNode:node_modules/node-gyp/node_modules/@isaacs/cliui/node_modules/ansi-regex Completed in 4423ms
627 timing reifyNode:node_modules/node-gyp/node_modules/strip-ansi Completed in 4414ms
628 timing reifyNode:node_modules/node-gyp/node_modules/indent-string Completed in 4415ms
629 timing reifyNode:node_modules/node-gyp/node_modules/is-fullwidth-code-point Completed in 4418ms
630 timing reifyNode:node_modules/node-gyp/node_modules/signal-exit Completed in 4418ms
631 timing reifyNode:node_modules/node-gyp/node_modules/@isaacs/cliui/node_modules/strip-ansi Completed in 4429ms
632 timing reifyNode:node_modules/node-gyp/node_modules/aproba Completed in 4418ms
633 timing reifyNode:node_modules/node-gyp/node_modules/wrap-ansi/node_modules/string-width Completed in 4431ms
634 timing reifyNode:node_modules/node-gyp/node_modules/strip-ansi-cjs Completed in 4439ms
635 timing reifyNode:node_modules/node-gyp/node_modules/ansi-regex Completed in 4437ms
636 timing reifyNode:node_modules/node-gyp/node_modules/shebang-regex Completed in 4449ms
637 timing reifyNode:node_modules/node-gyp/node_modules/clean-stack Completed in 4436ms
638 timing reifyNode:node_modules/node-gyp/node_modules/aggregate-error Completed in 4437ms
639 timing reifyNode:node_modules/node-gyp/node_modules/wrap-ansi/node_modules/strip-ansi Completed in 4452ms
640 timing reifyNode:node_modules/node-gyp/node_modules/set-blocking Completed in 4440ms
641 timing reifyNode:node_modules/node-gyp/node_modules/console-control-strings Completed in 4441ms
642 timing reifyNode:node_modules/node-gyp/node_modules/string-width Completed in 4443ms
643 timing reifyNode:node_modules/node-gyp/node_modules/humanize-ms Completed in 4441ms
644 timing reifyNode:node_modules/node-gyp/node_modules/env-paths Completed in 4425ms
645 timing reifyNode:node_modules/node-gyp/node_modules/inherits Completed in 4433ms
646 timing reifyNode:node_modules/node-gyp/node_modules/wrap-ansi-cjs/node_modules/ansi-styles Completed in 4466ms
647 timing reifyNode:node_modules/node-gyp/node_modules/p-map Completed in 4452ms
648 timing reifyNode:node_modules/node-gyp/node_modules/wrap-ansi Completed in 4470ms
649 timing reifyNode:node_modules/node-gyp/node_modules/@isaacs/cliui/node_modules/string-width Completed in 4469ms
650 timing reifyNode:node_modules/node-gyp/node_modules/ansi-styles Completed in 4477ms
651 timing reifyNode:node_modules/node-gyp/node_modules/http-cache-semantics Completed in 4450ms
652 timing reifyNode:node_modules/node-gyp/node_modules/balanced-match Completed in 4484ms
653 timing reifyNode:node_modules/node-gyp/node_modules/yallist Completed in 4485ms
654 timing reifyNode:node_modules/node-gyp/node_modules/cacache/node_modules/brace-expansion Completed in 4472ms
655 timing reifyNode:node_modules/node-gyp/node_modules/safe-buffer Completed in 4501ms
656 timing reifyNode:node_modules/node-gyp/node_modules/minizlib Completed in 4500ms
657 timing reifyNode:node_modules/node-gyp/node_modules/fs.realpath Completed in 4495ms
658 timing reifyNode:node_modules/node-gyp/node_modules/socks-proxy-agent Completed in 4525ms
659 http fetch GET 200 https://registry.npmjs.org/minipass/-/minipass-3.3.6.tgz 3675ms (cache miss)
660 timing reifyNode:node_modules/node-gyp/node_modules/nopt Completed in 4533ms
661 timing reifyNode:node_modules/node-gyp/node_modules/util-deprecate Completed in 4557ms
662 timing reifyNode:node_modules/node-gyp/node_modules/color-support Completed in 4559ms
663 timing reifyNode:node_modules/node-gyp/node_modules/minizlib/node_modules/minipass Completed in 4584ms
664 timing reifyNode:node_modules/node-gyp/node_modules/minipass-pipeline/node_modules/minipass Completed in 4580ms
665 timing reifyNode:node_modules/node-gyp/node_modules/minipass-flush/node_modules/minipass Completed in 4572ms
666 timing reifyNode:node_modules/node-gyp/node_modules/rimraf Completed in 4611ms
667 timing reifyNode:node_modules/node-gyp/node_modules/minipass-collect/node_modules/minipass Completed in 4630ms
668 timing reifyNode:node_modules/node-gyp/node_modules/which Completed in 4615ms
669 timing reifyNode:node_modules/node-gyp/node_modules/glob Completed in 4666ms
670 timing reifyNode:node_modules/node-gyp/node_modules/is-lambda Completed in 4730ms
671 timing reifyNode:node_modules/node-gyp/node_modules/graceful-fs Completed in 4725ms
672 timing reifyNode:node_modules/node-gyp/node_modules/color-convert Completed in 4763ms
673 http fetch GET 200 https://registry.npmjs.org/@isaacs/cliui/-/cliui-8.0.2.tgz 4244ms (cache miss)
674 http fetch GET 200 https://registry.npmjs.org/minipass/-/minipass-5.0.0.tgz 4072ms (cache miss)
675 timing reifyNode:node_modules/node-gyp/node_modules/encoding Completed in 4830ms
676 timing reifyNode:node_modules/node-gyp/node_modules/concat-map Completed in 4831ms
677 timing reifyNode:node_modules/node-gyp/node_modules/safer-buffer Completed in 4831ms
678 timing reifyNode:node_modules/node-gyp/node_modules/debug Completed in 4835ms
679 timing reifyNode:node_modules/node-gyp/node_modules/minipass Completed in 4851ms
680 timing reifyNode:node_modules/node-gyp/node_modules/lru-cache Completed in 4919ms
681 timing reifyNode:node_modules/node-gyp/node_modules/@isaacs/cliui Completed in 4955ms
682 timing reifyNode:node_modules/node-gyp/node_modules/delegates Completed in 4954ms
683 timing reifyNode:node_modules/node-gyp/node_modules/http-proxy-agent Completed in 4941ms
684 timing reifyNode:node_modules/node-gyp/node_modules/isexe Completed in 4972ms
685 timing reifyNode:node_modules/node-gyp/node_modules/promise-retry Completed in 4978ms
686 timing reifyNode:node_modules/node-gyp/node_modules/emoji-regex Completed in 4991ms
687 timing reifyNode:node_modules/node-gyp/node_modules/are-we-there-yet Completed in 4989ms
688 http fetch GET 200 https://registry.npmjs.org/minipass/-/minipass-3.3.6.tgz 4152ms (cache miss)
689 timing reifyNode:node_modules/node-gyp/node_modules/tar/node_modules/fs-minipass/node_modules/minipass Completed in 4999ms
690 http fetch GET 200 https://registry.npmjs.org/ssri/-/ssri-10.0.5.tgz 4300ms (cache miss)
691 timing reifyNode:node_modules/node-gyp/node_modules/ssri Completed in 5017ms
692 timing reifyNode:node_modules/node-gyp/node_modules/minipass-sized Completed in 5035ms
693 http fetch GET 200 https://registry.npmjs.org/minipass/-/minipass-3.3.6.tgz 4392ms (cache miss)
694 timing reifyNode:node_modules/node-gyp/node_modules/minipass-sized/node_modules/minipass Completed in 5060ms
695 timing reifyNode:node_modules/node-gyp/node_modules/negotiator Completed in 5093ms
696 timing reifyNode:node_modules/node-gyp/node_modules/err-code Completed in 5142ms
697 timing reifyNode:node_modules/node-gyp/node_modules/cross-spawn Completed in 5164ms
698 http fetch GET 200 https://registry.npmjs.org/agentkeepalive/-/agentkeepalive-4.5.0.tgz 4417ms (cache miss)
699 timing reifyNode:node_modules/node-gyp/node_modules/agent-base Completed in 5248ms
700 timing reifyNode:node_modules/node-gyp/node_modules/agentkeepalive Completed in 5245ms
701 timing reifyNode:node_modules/node-gyp/node_modules/https-proxy-agent Completed in 5248ms
702 timing reifyNode:node_modules/node-gyp/node_modules/mkdirp Completed in 5295ms
703 http fetch GET 200 https://registry.npmjs.org/minipass-fetch/-/minipass-fetch-3.0.4.tgz 4570ms (cache miss)
704 timing reifyNode:node_modules/node-gyp/node_modules/@tootallnate/once Completed in 5295ms
705 timing reifyNode:node_modules/node-gyp/node_modules/minipass-fetch Completed in 5319ms
706 http fetch GET 200 https://registry.npmjs.org/@npmcli/fs/-/fs-3.1.0.tgz 4796ms (cache miss)
707 timing reifyNode:node_modules/node-gyp/node_modules/@npmcli/fs Completed in 5533ms
708 timing reifyNode:node_modules/node-gyp/node_modules/smart-buffer Completed in 5555ms
709 timing reifyNode:node_modules/node-gyp/node_modules/@isaacs/cliui/node_modules/emoji-regex Completed in 5603ms
710 timing reifyNode:node_modules/node-gyp/node_modules/wrap-ansi/node_modules/emoji-regex Completed in 5608ms
711 http fetch GET 200 https://registry.npmjs.org/make-fetch-happen/-/make-fetch-happen-11.1.1.tgz 4781ms (cache miss)
712 timing reifyNode:node_modules/node-gyp/node_modules/make-fetch-happen Completed in 5596ms
713 timing reifyNode:node_modules/node-gyp/node_modules/retry Completed in 5682ms
714 http fetch GET 200 https://registry.npmjs.org/cacache/-/cacache-17.1.4.tgz 4930ms (cache miss)
715 timing reifyNode:node_modules/node-gyp/node_modules/cacache Completed in 5734ms
716 http fetch GET 200 https://registry.npmjs.org/@pkgjs/parseargs/-/parseargs-0.11.0.tgz 5220ms (cache miss)
717 timing reifyNode:node_modules/node-gyp/node_modules/gauge Completed in 5770ms
718 http fetch GET 200 https://registry.npmjs.org/minipass/-/minipass-7.0.3.tgz 5038ms (cache miss)
719 timing reifyNode:node_modules/node-gyp/node_modules/@pkgjs/parseargs Completed in 5792ms
720 timing reifyNode:node_modules/node-gyp/node_modules/minipass-fetch/node_modules/minipass Completed in 5871ms
721 http fetch GET 200 https://registry.npmjs.org/minipass/-/minipass-7.0.3.tgz 5241ms (cache miss)
722 timing reifyNode:node_modules/node-gyp/node_modules/fs-minipass/node_modules/minipass Completed in 5940ms
723 http fetch GET 200 https://registry.npmjs.org/path-scurry/-/path-scurry-1.10.1.tgz 5394ms (cache miss)
724 http fetch GET 200 https://registry.npmjs.org/minipass/-/minipass-7.0.3.tgz 5300ms (cache miss)
725 timing reifyNode:node_modules/node-gyp/node_modules/ssri/node_modules/minipass Completed in 5999ms
726 timing reifyNode:node_modules/node-gyp/node_modules/path-scurry Completed in 6022ms
727 http fetch GET 200 https://registry.npmjs.org/minipass/-/minipass-7.0.3.tgz 5282ms (cache miss)
728 timing reifyNode:node_modules/node-gyp/node_modules/cacache/node_modules/minipass Completed in 6046ms
729 http fetch GET 200 https://registry.npmjs.org/readable-stream/-/readable-stream-3.6.2.tgz 5616ms (cache miss)
730 http fetch GET 200 https://registry.npmjs.org/lru-cache/-/lru-cache-10.0.1.tgz 5690ms (cache miss)
731 timing reifyNode:node_modules/node-gyp/node_modules/readable-stream Completed in 6273ms
732 timing reifyNode:node_modules/node-gyp/node_modules/path-scurry/node_modules/lru-cache Completed in 6305ms
733 http fetch GET 200 https://registry.npmjs.org/jackspeak/-/jackspeak-2.3.0.tgz 5707ms (cache miss)
734 timing reifyNode:node_modules/node-gyp/node_modules/jackspeak Completed in 6335ms
735 http fetch GET 200 https://registry.npmjs.org/signal-exit/-/signal-exit-4.1.0.tgz 5750ms (cache miss)
736 http fetch GET 200 https://registry.npmjs.org/foreground-child/-/foreground-child-3.1.1.tgz 5723ms (cache miss)
737 timing reifyNode:node_modules/node-gyp/node_modules/foreground-child/node_modules/signal-exit Completed in 6372ms
738 timing reifyNode:node_modules/node-gyp/node_modules/foreground-child Completed in 6383ms
739 http fetch GET 200 https://registry.npmjs.org/tar/-/tar-6.1.15.tgz 5622ms (cache miss)
740 timing reifyNode:node_modules/node-gyp/node_modules/tar Completed in 6403ms
741 timing reifyNode:node_modules/node-gyp/node_modules/exponential-backoff Completed in 6426ms
742 timing reifyNode:node_modules/node-gyp/node_modules/socks Completed in 6495ms
743 timing reifyNode:node_modules/node-gyp/node_modules/iconv-lite Completed in 6494ms
744 http fetch GET 200 https://registry.npmjs.org/semver/-/semver-7.5.4.tgz 5857ms (cache miss)
745 timing reifyNode:node_modules/node-gyp/node_modules/semver Completed in 6648ms
746 http fetch GET 200 https://registry.npmjs.org/minimatch/-/minimatch-9.0.3.tgz 5932ms (cache miss)
747 timing reifyNode:node_modules/node-gyp/node_modules/cacache/node_modules/minimatch Completed in 6699ms
748 http fetch GET 200 https://registry.npmjs.org/glob/-/glob-10.3.3.tgz 5996ms (cache miss)
749 timing reifyNode:node_modules/node-gyp/node_modules/cacache/node_modules/glob Completed in 6765ms
750 http fetch GET 200 https://registry.npmjs.org/node-gyp/-/node-gyp-9.4.0.tgz 6669ms (cache miss)
751 timing reifyNode:node_modules/node-gyp Completed in 7187ms
752 timing reify:unpack Completed in 7188ms
753 timing reify:unretire Completed in 1ms
754 timing build:queue Completed in 12ms
755 timing build:link:node_modules/node-gyp Completed in 42ms
756 timing build:link:node_modules/node-gyp/node_modules/color-support Completed in 41ms
757 timing build:link:node_modules/node-gyp/node_modules/mkdirp Completed in 41ms
758 timing build:link:node_modules/node-gyp/node_modules/rimraf Completed in 40ms
759 timing build:link:node_modules/node-gyp/node_modules/semver Completed in 41ms
760 timing build:link:node_modules/node-gyp/node_modules/cacache/node_modules/glob Completed in 40ms
761 timing build:link:node_modules/node-gyp/node_modules/nopt Completed in 42ms
762 timing build:link:node_modules/node-gyp/node_modules/which Completed in 41ms
763 timing build:link Completed in 45ms
764 timing build:deps Completed in 59ms
765 timing build Completed in 59ms
766 timing reify:build Completed in 60ms
767 timing reify:trash Completed in 0ms
768 timing reify Completed in 14741ms
769 silly ADD node_modules/node-gyp
770 silly ADD node_modules/node-gyp/node_modules/color-name
771 silly ADD node_modules/node-gyp/node_modules/color-convert
772 silly ADD node_modules/node-gyp/node_modules/eastasianwidth
773 silly ADD node_modules/node-gyp/node_modules/ansi-styles
774 silly ADD node_modules/node-gyp/node_modules/shebang-regex
775 silly ADD node_modules/node-gyp/node_modules/wrap-ansi-cjs
776 silly ADD node_modules/node-gyp/node_modules/wrap-ansi-cjs/node_modules/ansi-styles
777 silly ADD node_modules/node-gyp/node_modules/wrap-ansi
778 silly ADD node_modules/node-gyp/node_modules/wrap-ansi/node_modules/ansi-regex
779 silly ADD node_modules/node-gyp/node_modules/wrap-ansi/node_modules/emoji-regex
780 silly ADD node_modules/node-gyp/node_modules/wrap-ansi/node_modules/strip-ansi
781 silly ADD node_modules/node-gyp/node_modules/wrap-ansi/node_modules/string-width
782 silly ADD node_modules/node-gyp/node_modules/strip-ansi-cjs
783 silly ADD node_modules/node-gyp/node_modules/string-width-cjs
784 silly ADD node_modules/node-gyp/node_modules/@pkgjs/parseargs
785 silly ADD node_modules/node-gyp/node_modules/@isaacs/cliui
786 silly ADD node_modules/node-gyp/node_modules/@isaacs/cliui/node_modules/ansi-regex
787 silly ADD node_modules/node-gyp/node_modules/@isaacs/cliui/node_modules/emoji-regex
788 silly ADD node_modules/node-gyp/node_modules/@isaacs/cliui/node_modules/strip-ansi
789 silly ADD node_modules/node-gyp/node_modules/@isaacs/cliui/node_modules/string-width
790 silly ADD node_modules/node-gyp/node_modules/shebang-command
791 silly ADD node_modules/node-gyp/node_modules/path-key
792 silly ADD node_modules/node-gyp/node_modules/cross-spawn
793 silly ADD node_modules/node-gyp/node_modules/path-scurry
794 silly ADD node_modules/node-gyp/node_modules/path-scurry/node_modules/lru-cache
795 silly ADD node_modules/node-gyp/node_modules/jackspeak
796 silly ADD node_modules/node-gyp/node_modules/foreground-child
797 silly ADD node_modules/node-gyp/node_modules/foreground-child/node_modules/signal-exit
798 silly ADD node_modules/node-gyp/node_modules/isexe
799 silly ADD node_modules/node-gyp/node_modules/imurmurhash
800 silly ADD node_modules/node-gyp/node_modules/unique-slug
801 silly ADD node_modules/node-gyp/node_modules/mkdirp
802 silly ADD node_modules/node-gyp/node_modules/chownr
803 silly ADD node_modules/node-gyp/node_modules/ansi-regex
804 silly ADD node_modules/node-gyp/node_modules/is-fullwidth-code-point
805 silly ADD node_modules/node-gyp/node_modules/emoji-regex
806 silly ADD node_modules/node-gyp/node_modules/safe-buffer
807 silly ADD node_modules/node-gyp/node_modules/smart-buffer
808 silly ADD node_modules/node-gyp/node_modules/ip
809 silly ADD node_modules/node-gyp/node_modules/socks
810 silly ADD node_modules/node-gyp/node_modules/util-deprecate
811 silly ADD node_modules/node-gyp/node_modules/string_decoder
812 silly ADD node_modules/node-gyp/node_modules/retry
813 silly ADD node_modules/node-gyp/node_modules/err-code
814 silly ADD node_modules/node-gyp/node_modules/indent-string
815 silly ADD node_modules/node-gyp/node_modules/clean-stack
816 silly ADD node_modules/node-gyp/node_modules/aggregate-error
817 silly ADD node_modules/node-gyp/node_modules/wide-align
818 silly ADD node_modules/node-gyp/node_modules/strip-ansi
819 silly ADD node_modules/node-gyp/node_modules/string-width
820 silly ADD node_modules/node-gyp/node_modules/signal-exit
821 silly ADD node_modules/node-gyp/node_modules/has-unicode
822 silly ADD node_modules/node-gyp/node_modules/color-support
823 silly ADD node_modules/node-gyp/node_modules/aproba
824 silly ADD node_modules/node-gyp/node_modules/readable-stream
825 silly ADD node_modules/node-gyp/node_modules/delegates
826 silly ADD node_modules/node-gyp/node_modules/set-blocking
827 silly ADD node_modules/node-gyp/node_modules/gauge
828 silly ADD node_modules/node-gyp/node_modules/console-control-strings
829 silly ADD node_modules/node-gyp/node_modules/are-we-there-yet
830 silly ADD node_modules/node-gyp/node_modules/abbrev
831 silly ADD node_modules/node-gyp/node_modules/yallist
832 silly ADD node_modules/node-gyp/node_modules/safer-buffer
833 silly ADD node_modules/node-gyp/node_modules/iconv-lite
834 silly ADD node_modules/node-gyp/node_modules/minizlib
835 silly ADD node_modules/node-gyp/node_modules/minizlib/node_modules/minipass
836 silly ADD node_modules/node-gyp/node_modules/minipass-sized
837 silly ADD node_modules/node-gyp/node_modules/minipass-sized/node_modules/minipass
838 silly ADD node_modules/node-gyp/node_modules/encoding
839 silly ADD node_modules/node-gyp/node_modules/concat-map
840 silly ADD node_modules/node-gyp/node_modules/balanced-match
841 silly ADD node_modules/node-gyp/node_modules/brace-expansion
842 silly ADD node_modules/node-gyp/node_modules/ms
843 silly ADD node_modules/node-gyp/node_modules/debug
844 silly ADD node_modules/node-gyp/node_modules/agent-base
845 silly ADD node_modules/node-gyp/node_modules/@tootallnate/once
846 silly ADD node_modules/node-gyp/node_modules/unique-filename
847 silly ADD node_modules/node-gyp/node_modules/p-map
848 silly ADD node_modules/node-gyp/node_modules/minipass-collect
849 silly ADD node_modules/node-gyp/node_modules/minipass-collect/node_modules/minipass
850 silly ADD node_modules/node-gyp/node_modules/fs-minipass
851 silly ADD node_modules/node-gyp/node_modules/fs-minipass/node_modules/minipass
852 silly ADD node_modules/node-gyp/node_modules/@npmcli/fs
853 silly ADD node_modules/node-gyp/node_modules/humanize-ms
854 silly ADD node_modules/node-gyp/node_modules/ssri
855 silly ADD node_modules/node-gyp/node_modules/ssri/node_modules/minipass
856 silly ADD node_modules/node-gyp/node_modules/socks-proxy-agent
857 silly ADD node_modules/node-gyp/node_modules/promise-retry
858 silly ADD node_modules/node-gyp/node_modules/negotiator
859 silly ADD node_modules/node-gyp/node_modules/minipass-pipeline
860 silly ADD node_modules/node-gyp/node_modules/minipass-pipeline/node_modules/minipass
861 silly ADD node_modules/node-gyp/node_modules/minipass-flush
862 silly ADD node_modules/node-gyp/node_modules/minipass-flush/node_modules/minipass
863 silly ADD node_modules/node-gyp/node_modules/minipass-fetch
864 silly ADD node_modules/node-gyp/node_modules/minipass-fetch/node_modules/minipass
865 silly ADD node_modules/node-gyp/node_modules/minipass
866 silly ADD node_modules/node-gyp/node_modules/lru-cache
867 silly ADD node_modules/node-gyp/node_modules/is-lambda
868 silly ADD node_modules/node-gyp/node_modules/https-proxy-agent
869 silly ADD node_modules/node-gyp/node_modules/http-proxy-agent
870 silly ADD node_modules/node-gyp/node_modules/http-cache-semantics
871 silly ADD node_modules/node-gyp/node_modules/cacache
872 silly ADD node_modules/node-gyp/node_modules/cacache/node_modules/brace-expansion
873 silly ADD node_modules/node-gyp/node_modules/cacache/node_modules/minimatch
874 silly ADD node_modules/node-gyp/node_modules/cacache/node_modules/minipass
875 silly ADD node_modules/node-gyp/node_modules/cacache/node_modules/glob
876 silly ADD node_modules/node-gyp/node_modules/agentkeepalive
877 silly ADD node_modules/node-gyp/node_modules/wrappy
878 silly ADD node_modules/node-gyp/node_modules/path-is-absolute
879 silly ADD node_modules/node-gyp/node_modules/once
880 silly ADD node_modules/node-gyp/node_modules/minimatch
881 silly ADD node_modules/node-gyp/node_modules/inherits
882 silly ADD node_modules/node-gyp/node_modules/inflight
883 silly ADD node_modules/node-gyp/node_modules/fs.realpath
884 silly ADD node_modules/node-gyp/node_modules/which
885 silly ADD node_modules/node-gyp/node_modules/tar
886 silly ADD node_modules/node-gyp/node_modules/tar/node_modules/fs-minipass
887 silly ADD node_modules/node-gyp/node_modules/tar/node_modules/fs-minipass/node_modules/minipass
888 silly ADD node_modules/node-gyp/node_modules/semver
889 silly ADD node_modules/node-gyp/node_modules/semver/node_modules/lru-cache
890 silly ADD node_modules/node-gyp/node_modules/rimraf
891 silly ADD node_modules/node-gyp/node_modules/npmlog
892 silly ADD node_modules/node-gyp/node_modules/nopt
893 silly ADD node_modules/node-gyp/node_modules/make-fetch-happen
894 silly ADD node_modules/node-gyp/node_modules/graceful-fs
895 silly ADD node_modules/node-gyp/node_modules/glob
896 silly ADD node_modules/node-gyp/node_modules/exponential-backoff
897 silly ADD node_modules/node-gyp/node_modules/env-paths
898 timing command:install Completed in 14781ms
899 verbose exit 0
900 timing npm Completed in 15248ms
901 info ok
